Flow report for DE2_115_CAMERA
Wed Nov 30 11:04:53 2016
Quartus II Version 10.0 Build 218 06/27/2010 SJ Web Edition


---------------------
; Table of Contents ;
---------------------
  1. Legal Notice
  2. Flow Summary
  3. Flow Settings
  4. Flow Non-Default Global Settings
  5. Flow Elapsed Time
  6. Flow OS Summary
  7. Flow Log



----------------
; Legal Notice ;
----------------
Copyright (C) 1991-2010 Altera Corporation
Your use of Altera Corporation's design tools, logic functions 
and other software and tools, and its AMPP partner logic 
functions, and any output files from any of the foregoing 
(including device programming or simulation files), and any 
associated documentation or information are expressly subject 
to the terms and conditions of the Altera Program License 
Subscription Agreement, Altera MegaCore Function License 
Agreement, or other applicable license agreement, including, 
without limitation, that your use is for the sole purpose of 
programming logic devices manufactured by Altera and sold by 
Altera or its authorized distributors.  Please refer to the 
applicable agreement for further details.



+-------------------------------------------------------------------------------+
; Flow Summary                                                                  ;
+------------------------------------+------------------------------------------+
; Flow Status                        ; Successful - Wed Nov 30 11:04:51 2016    ;
; Quartus II Version                 ; 10.0 Build 218 06/27/2010 SJ Web Edition ;
; Revision Name                      ; DE2_115_CAMERA                           ;
; Top-level Entity Name              ; DE2_115_CAMERA                           ;
; Family                             ; Cyclone IV E                             ;
; Device                             ; EP4CE115F29C7                            ;
; Timing Models                      ; Final                                    ;
; Met timing requirements            ; N/A                                      ;
; Total logic elements               ; 1,779 / 114,480 ( 2 % )                  ;
;     Total combinational functions  ; 1,480 / 114,480 ( 1 % )                  ;
;     Dedicated logic registers      ; 1,119 / 114,480 ( < 1 % )                ;
; Total registers                    ; 1119                                     ;
; Total pins                         ; 428 / 529 ( 81 % )                       ;
; Total virtual pins                 ; 0                                        ;
; Total memory bits                  ; 62,416 / 3,981,312 ( 2 % )               ;
; Embedded Multiplier 9-bit elements ; 0 / 532 ( 0 % )                          ;
; Total PLLs                         ; 1 / 4 ( 25 % )                           ;
+------------------------------------+------------------------------------------+


+-----------------------------------------+
; Flow Settings                           ;
+-------------------+---------------------+
; Option            ; Setting             ;
+-------------------+---------------------+
; Start date & time ; 11/30/2016 11:03:49 ;
; Main task         ; Compilation         ;
; Revision Name     ; DE2_115_CAMERA      ;
+-------------------+---------------------+


+------------------------------------------------------------------------------------------------------------------+
; Flow Non-Default Global Settings                                                                                 ;
+-------------------------------------+---------------------------------+---------------+-------------+------------+
; Assignment Name                     ; Value                           ; Default Value ; Entity Name ; Section Id ;
+-------------------------------------+---------------------------------+---------------+-------------+------------+
; COMPILER_SIGNATURE_ID               ; 180419519928333.148047502903280 ; --            ; --          ; --         ;
; ENABLE_SIGNALTAP                    ; Off                             ; --            ; --          ; --         ;
; IP_TOOL_NAME                        ; ALTPLL                          ; --            ; --          ; --         ;
; IP_TOOL_NAME                        ; Shift register (RAM-based)      ; --            ; --          ; --         ;
; IP_TOOL_VERSION                     ; 9.1                             ; --            ; --          ; --         ;
; IP_TOOL_VERSION                     ; 9.1                             ; --            ; --          ; --         ;
; MISC_FILE                           ; v/sdram_pll.bsf                 ; --            ; --          ; --         ;
; MISC_FILE                           ; v/sdram_pll.ppf                 ; --            ; --          ; --         ;
; MISC_FILE                           ; v/Line_Buffer1.bsf              ; --            ; --          ; --         ;
; PARTITION_COLOR                     ; 16764057                        ; --            ; --          ; Top        ;
; PARTITION_FITTER_PRESERVATION_LEVEL ; PLACEMENT_AND_ROUTING           ; --            ; --          ; Top        ;
; PARTITION_NETLIST_TYPE              ; SOURCE                          ; --            ; --          ; Top        ;
; USE_SIGNALTAP_FILE                  ; stp1.stp                        ; --            ; --          ; --         ;
+-------------------------------------+---------------------------------+---------------+-------------+------------+


+-------------------------------------------------------------------------------------------------------------------------------+
; Flow Elapsed Time                                                                                                             ;
+---------------------------+--------------+-------------------------+---------------------+------------------------------------+
; Module Name               ; Elapsed Time ; Average Processors Used ; Peak Virtual Memory ; Total CPU Time (on all processors) ;
+---------------------------+--------------+-------------------------+---------------------+------------------------------------+
; Analysis & Synthesis      ; 00:00:17     ; 1.0                     ; 264 MB              ; 00:00:07                           ;
; Fitter                    ; 00:00:37     ; 1.0                     ; 480 MB              ; 00:00:26                           ;
; Assembler                 ; 00:00:15     ; 1.0                     ; 460 MB              ; 00:00:06                           ;
; TimeQuest Timing Analyzer ; 00:00:17     ; 1.0                     ; 328 MB              ; 00:00:07                           ;
; Total                     ; 00:01:26     ; --                      ; --                  ; 00:00:46                           ;
+---------------------------+--------------+-------------------------+---------------------+------------------------------------+


+--------------------------------------------------------------------------------------------+
; Flow OS Summary                                                                            ;
+---------------------------+------------------+---------------+------------+----------------+
; Module Name               ; Machine Hostname ; OS Name       ; OS Version ; Processor type ;
+---------------------------+------------------+---------------+------------+----------------+
; Analysis & Synthesis      ; user4-PC         ; Windows Vista ; 6.1        ; i686           ;
; Fitter                    ; user4-PC         ; Windows Vista ; 6.1        ; i686           ;
; Assembler                 ; user4-PC         ; Windows Vista ; 6.1        ; i686           ;
; TimeQuest Timing Analyzer ; user4-PC         ; Windows Vista ; 6.1        ; i686           ;
+---------------------------+------------------+---------------+------------+----------------+


------------
; Flow Log ;
------------
quartus_map --read_settings_files=on --write_settings_files=off DE2_115_CAMERA -c DE2_115_CAMERA
quartus_fit --read_settings_files=off --write_settings_files=off DE2_115_CAMERA -c DE2_115_CAMERA
quartus_asm --read_settings_files=off --write_settings_files=off DE2_115_CAMERA -c DE2_115_CAMERA
quartus_sta DE2_115_CAMERA -c DE2_115_CAMERA



